<?xml version="1.0" encoding="UTF-8"?>
<testsuite name="hello.HelloControllerTest" tests="1" skipped="0" failures="0" errors="0" timestamp="2021-09-02T21:50:39" hostname="CSH-308-22" time="0.114">
  <properties/>
  <testcase name="getHello" classname="hello.HelloControllerTest" time="0.114"/>
  <system-out><![CDATA[16:50:37.768 [Test worker] DEBUG org.springframework.test.context.junit4.SpringJUnit4ClassRunner - SpringJUnit4ClassRunner constructor called with [class hello.HelloControllerTest]
16:50:37.774 [Test worker] DEBUG org.springframework.test.context.BootstrapUtils - Instantiating CacheAwareContextLoaderDelegate from class [org.springframework.test.context.cache.DefaultCacheAwareContextLoaderDelegate]
16:50:37.779 [Test worker] DEBUG org.springframework.test.context.BootstrapUtils - Instantiating BootstrapContext using constructor [public org.springframework.test.context.support.DefaultBootstrapContext(java.lang.Class,org.springframework.test.context.CacheAwareContextLoaderDelegate)]
16:50:37.789 [Test worker] DEBUG org.springframework.test.context.BootstrapUtils - Instantiating TestContextBootstrapper for test class [hello.HelloControllerTest] from class [org.springframework.boot.test.context.SpringBootTestContextBootstrapper]
16:50:37.797 [Test worker] INFO org.springframework.boot.test.context.SpringBootTestContextBootstrapper - Neither @ContextConfiguration nor @ContextHierarchy found for test class [hello.HelloControllerTest], using SpringBootContextLoader
16:50:37.800 [Test worker] DEBUG org.springframework.test.context.support.AbstractContextLoader - Did not detect default resource location for test class [hello.HelloControllerTest]: class path resource [hello/HelloControllerTest-context.xml] does not exist
16:50:37.800 [Test worker] DEBUG org.springframework.test.context.support.AbstractContextLoader - Did not detect default resource location for test class [hello.HelloControllerTest]: class path resource [hello/HelloControllerTestContext.groovy] does not exist
16:50:37.800 [Test worker] INFO org.springframework.test.context.support.AbstractContextLoader - Could not detect default resource locations for test class [hello.HelloControllerTest]: no resource found for suffixes {-context.xml, Context.groovy}.
16:50:37.825 [Test worker] DEBUG org.springframework.test.context.support.ActiveProfilesUtils - Could not find an 'annotation declaring class' for annotation type [org.springframework.test.context.ActiveProfiles] and class [hello.HelloControllerTest]
16:50:37.843 [Test worker] DEBUG org.springframework.boot.test.context.SpringBootTestContextBootstrapper - @TestExecutionListeners is not present for class [hello.HelloControllerTest]: using defaults.
16:50:37.846 [Test worker] INFO org.springframework.boot.test.context.SpringBootTestContextBootstrapper - Loaded default TestExecutionListener class names from location [META-INF/spring.factories]: [org.springframework.boot.test.autoconfigure.restdocs.RestDocsTestExecutionListener, org.springframework.boot.test.autoconfigure.web.client.MockRestServiceServerResetTestExecutionListener, org.springframework.boot.test.autoconfigure.web.servlet.MockMvcPrintOnlyOnFailureTestExecutionListener, org.springframework.boot.test.autoconfigure.web.servlet.WebDriverTestExecutionListener, org.springframework.boot.test.mock.mockito.MockitoTestExecutionListener, org.springframework.boot.test.mock.mockito.ResetMocksTestExecutionListener, org.springframework.test.context.web.ServletTestExecutionListener, org.springframework.test.context.support.DirtiesContextBeforeModesTestExecutionListener, org.springframework.test.context.support.DependencyInjectionTestExecutionListener, org.springframework.test.context.support.DirtiesContextTestExecutionListener, org.springframework.test.context.transaction.TransactionalTestExecutionListener, org.springframework.test.context.jdbc.SqlScriptsTestExecutionListener]
16:50:37.852 [Test worker] INFO org.springframework.boot.test.context.SpringBootTestContextBootstrapper - Could not instantiate TestExecutionListener [org.springframework.test.context.jdbc.SqlScriptsTestExecutionListener]. Specify custom listener classes or make the default listener classes (and their required dependencies) available. Offending class: [org/springframework/transaction/interceptor/TransactionAttribute]
16:50:37.853 [Test worker] INFO org.springframework.boot.test.context.SpringBootTestContextBootstrapper - Could not instantiate TestExecutionListener [org.springframework.test.context.transaction.TransactionalTestExecutionListener]. Specify custom listener classes or make the default listener classes (and their required dependencies) available. Offending class: [org/springframework/transaction/interceptor/TransactionAttributeSource]
16:50:37.855 [Test worker] INFO org.springframework.boot.test.context.SpringBootTestContextBootstrapper - Using TestExecutionListeners: [org.springframework.test.context.web.ServletTestExecutionListener@246c6538, org.springframework.test.context.support.DirtiesContextBeforeModesTestExecutionListener@e966ff8, org.springframework.boot.test.autoconfigure.SpringBootDependencyInjectionTestExecutionListener@26c19601, org.springframework.test.context.support.DirtiesContextTestExecutionListener@2d004bca, org.springframework.boot.test.autoconfigure.web.client.MockRestServiceServerResetTestExecutionListener@6a02aef7, org.springframework.boot.test.autoconfigure.web.servlet.WebDriverTestExecutionListener@57d6e5e0, org.springframework.boot.test.mock.mockito.ResetMocksTestExecutionListener@7d8d0085, org.springframework.boot.test.autoconfigure.web.servlet.MockMvcPrintOnlyOnFailureTestExecutionListener@52fc4ae5, org.springframework.boot.test.mock.mockito.MockitoTestExecutionListener@2df6235b, org.springframework.boot.test.autoconfigure.restdocs.RestDocsTestExecutionListener@4def3ae0]
16:50:37.858 [Test worker] DEBUG org.springframework.test.annotation.ProfileValueUtils - Retrieved @ProfileValueSourceConfiguration [null] for test class [hello.HelloControllerTest]
16:50:37.858 [Test worker] DEBUG org.springframework.test.annotation.ProfileValueUtils - Retrieved ProfileValueSource type [class org.springframework.test.annotation.SystemProfileValueSource] for class [hello.HelloControllerTest]
16:50:37.860 [Test worker] DEBUG org.springframework.test.annotation.ProfileValueUtils - Retrieved @ProfileValueSourceConfiguration [null] for test class [hello.HelloControllerTest]
16:50:37.860 [Test worker] DEBUG org.springframework.test.annotation.ProfileValueUtils - Retrieved ProfileValueSource type [class org.springframework.test.annotation.SystemProfileValueSource] for class [hello.HelloControllerTest]
16:50:37.861 [Test worker] DEBUG org.springframework.test.annotation.ProfileValueUtils - Retrieved @ProfileValueSourceConfiguration [null] for test class [hello.HelloControllerTest]
16:50:37.861 [Test worker] DEBUG org.springframework.test.annotation.ProfileValueUtils - Retrieved ProfileValueSource type [class org.springframework.test.annotation.SystemProfileValueSource] for class [hello.HelloControllerTest]
16:50:37.863 [Test worker] DEBUG org.springframework.test.context.support.AbstractDirtiesContextTestExecutionListener - Before test class: context [DefaultTestContext@5f485490 testClass = HelloControllerTest, testInstance = [null], testMethod = [null], testException = [null], mergedContextConfiguration = [WebMergedContextConfiguration@f6e0b98 testClass = HelloControllerTest, locations = '{}', classes = '{class hello.Application, class hello.Application}', contextInitializerClasses = '[]', activeProfiles = '{}', propertySourceLocations = '{}', propertySourceProperties = '{org.springframework.boot.test.context.SpringBootTestContextBootstrapper=true, server.port=0}', contextCustomizers = set[org.springframework.boot.test.autoconfigure.properties.PropertyMappingContextCustomizer@0, org.springframework.boot.test.autoconfigure.web.servlet.WebDriverContextCustomizerFactory$Customizer@1c92719, org.springframework.boot.test.context.SpringBootTestContextCustomizer@a32623d, org.springframework.boot.test.context.filter.ExcludeFilterContextCustomizer@61925d3a, org.springframework.boot.test.json.DuplicateJsonObjectContextCustomizerFactory$DuplicateJsonObjectContextCustomizer@5956beeb, org.springframework.boot.test.mock.mockito.MockitoContextCustomizer@0], resourceBasePath = 'src/main/webapp', contextLoader = 'org.springframework.boot.test.context.SpringBootContextLoader', parent = [null]]], class annotated with @DirtiesContext [false] with mode [null].
16:50:37.863 [Test worker] DEBUG org.springframework.test.annotation.ProfileValueUtils - Retrieved @ProfileValueSourceConfiguration [null] for test class [hello.HelloControllerTest]
16:50:37.863 [Test worker] DEBUG org.springframework.test.annotation.ProfileValueUtils - Retrieved ProfileValueSource type [class org.springframework.test.annotation.SystemProfileValueSource] for class [hello.HelloControllerTest]
16:50:37.864 [Test worker] DEBUG org.springframework.test.context.support.DependencyInjectionTestExecutionListener - Performing dependency injection for test context [[DefaultTestContext@5f485490 testClass = HelloControllerTest, testInstance = hello.HelloControllerTest@544f09f4, testMethod = [null], testException = [null], mergedContextConfiguration = [WebMergedContextConfiguration@f6e0b98 testClass = HelloControllerTest, locations = '{}', classes = '{class hello.Application, class hello.Application}', contextInitializerClasses = '[]', activeProfiles = '{}', propertySourceLocations = '{}', propertySourceProperties = '{org.springframework.boot.test.context.SpringBootTestContextBootstrapper=true, server.port=0}', contextCustomizers = set[org.springframework.boot.test.autoconfigure.properties.PropertyMappingContextCustomizer@0, org.springframework.boot.test.autoconfigure.web.servlet.WebDriverContextCustomizerFactory$Customizer@1c92719, org.springframework.boot.test.context.SpringBootTestContextCustomizer@a32623d, org.springframework.boot.test.context.filter.ExcludeFilterContextCustomizer@61925d3a, org.springframework.boot.test.json.DuplicateJsonObjectContextCustomizerFactory$DuplicateJsonObjectContextCustomizer@5956beeb, org.springframework.boot.test.mock.mockito.MockitoContextCustomizer@0], resourceBasePath = 'src/main/webapp', contextLoader = 'org.springframework.boot.test.context.SpringBootContextLoader', parent = [null]]]].
16:50:37.905 [Test worker] DEBUG org.springframework.core.env.StandardEnvironment - Adding PropertySource 'systemProperties' with lowest search precedence
16:50:37.906 [Test worker] DEBUG org.springframework.core.env.StandardEnvironment - Adding PropertySource 'systemEnvironment' with lowest search precedence
16:50:37.907 [Test worker] DEBUG org.springframework.core.env.StandardEnvironment - Initialized StandardEnvironment with PropertySources [MapPropertySource@164381756 {name='systemProperties', properties={java.specification.version=13, sun.cpu.isalist=amd64, sun.jnu.encoding=Cp1252, org.gradle.test.worker=1, java.class.path=C:\\Users\\Noah_Lambaria1\\.gradle\\caches\\6.8\\workerMain\\gradle-worker.jar;C:\\Users\\Noah_Lambaria1\\IdeaProjects\\spring-1-backend\\build\\classes\\java\\test;C:\\Users\\Noah_Lambaria1\\IdeaProjects\\spring-1-backend\\build\\resources\\test;C:\\Users\\Noah_Lambaria1\\IdeaProjects\\spring-1-backend\\build\\classes\\java\\main;C:\\Users\\Noah_Lambaria1\\IdeaProjects\\spring-1-backend\\build\\resources\\main;C:\\Users\\Noah_Lambaria1\\.gradle\\caches\\modules-2\\files-2.1\\org.springframework.boot\\spring-boot-starter-web\\1.5.9.RELEASE\\bda9733d5e6ba6d1a97deead1738713dc0631b3e\\spring-boot-starter-web-1.5.9.RELEASE.jar;C:\\Users\\Noah_Lambaria1\\.gradle\\caches\\modules-2\\files-2.1\\org.springframework.boot\\spring-boot-starter-test\\1.5.9.RELEASE\\b5adf6fbf53be00b7ae52f657d564122edbe5156\\spring-boot-starter-test-1.5.9.RELEASE.jar;C:\\Users\\Noah_Lambaria1\\.gradle\\caches\\modules-2\\files-2.1\\org.springframework.boot\\spring-boot-starter\\1.5.9.RELEASE\\6bfb34db2715ee86c6e2337fa145650588b4b1b3\\spring-boot-starter-1.5.9.RELEASE.jar;C:\\Users\\Noah_Lambaria1\\.gradle\\caches\\modules-2\\files-2.1\\org.springframework.boot\\spring-boot-starter-tomcat\\1.5.9.RELEASE\\4615056f8a2bcad03ba8cdf410419ee3d101c5bb\\spring-boot-starter-tomcat-1.5.9.RELEASE.jar;C:\\Users\\Noah_Lambaria1\\.gradle\\caches\\modules-2\\files-2.1\\org.hibernate\\hibernate-validator\\5.3.6.Final\\4c730be8bf55a8e9a61e79a2f2c079abf48b718\\hibernate-validator-5.3.6.Final.jar;C:\\Users\\Noah_Lambaria1\\.gradle\\caches\\modules-2\\files-2.1\\com.fasterxml.jackson.core\\jackson-databind\\2.8.10\\f7b83cb2bc4b88d53961e749e1ad32f49ef017b7\\jackson-databind-2.8.10.jar;C:\\Users\\Noah_Lambaria1\\.gradle\\caches\\modules-2\\files-2.1\\org.springframework\\spring-webmvc\\4.3.13.RELEASE\\87a095c7a1d13fe433ae6712787238c1dbaa6919\\spring-webmvc-4.3.13.RELEASE.jar;C:\\Users\\Noah_Lambaria1\\.gradle\\caches\\modules-2\\files-2.1\\org.springframework\\spring-web\\4.3.13.RELEASE\\7cd084992d546165ede3e99bc31ee49c937f0ce7\\spring-web-4.3.13.RELEASE.jar;C:\\Users\\Noah_Lambaria1\\.gradle\\caches\\modules-2\\files-2.1\\org.springframework.boot\\spring-boot-test-autoconfigure\\1.5.9.RELEASE\\b428495e25b0531b2a977f51c5d29011c817b8ee\\spring-boot-test-autoconfigure-1.5.9.RELEASE.jar;C:\\Users\\Noah_Lambaria1\\.gradle\\caches\\modules-2\\files-2.1\\org.springframework.boot\\spring-boot-test\\1.5.9.RELEASE\\7e604d56325f04a8b89a280e647746fc69e5a21f\\spring-boot-test-1.5.9.RELEASE.jar;C:\\Users\\Noah_Lambaria1\\.gradle\\caches\\modules-2\\files-2.1\\com.jayway.jsonpath\\json-path\\2.2.0\\22290d17944bd239fabf5ac69005a60a7ecbbbcb\\json-path-2.2.0.jar;C:\\Users\\Noah_Lambaria1\\.gradle\\caches\\modules-2\\files-2.1\\junit\\junit\\4.12\\2973d150c0dc1fefe998f834810d68f278ea58ec\\junit-4.12.jar;C:\\Users\\Noah_Lambaria1\\.gradle\\caches\\modules-2\\files-2.1\\org.assertj\\assertj-core\\2.6.0\\b532c3fc4f66bcfee4989a3514f1cd56203a33ad\\assertj-core-2.6.0.jar;C:\\Users\\Noah_Lambaria1\\.gradle\\caches\\modules-2\\files-2.1\\org.mockito\\mockito-core\\1.10.19\\e8546f5bef4e061d8dd73895b4e8f40e3fe6effe\\mockito-core-1.10.19.jar;C:\\Users\\Noah_Lambaria1\\.gradle\\caches\\modules-2\\files-2.1\\org.hamcrest\\hamcrest-library\\1.3\\4785a3c21320980282f9f33d0d1264a69040538f\\hamcrest-library-1.3.jar;C:\\Users\\Noah_Lambaria1\\.gradle\\caches\\modules-2\\files-2.1\\org.hamcrest\\hamcrest-core\\1.3\\42a25dc3219429f0e5d060061f71acb49bf010a0\\hamcrest-core-1.3.jar;C:\\Users\\Noah_Lambaria1\\.gradle\\caches\\modules-2\\files-2.1\\org.skyscreamer\\jsonassert\\1.4.0\\9cdbb373a06f6513e51e8c545ee6a5e981463edb\\jsonassert-1.4.0.jar;C:\\Users\\Noah_Lambaria1\\.gradle\\caches\\modules-2\\files-2.1\\org.springframework\\spring-test\\4.3.13.RELEASE\\f4ff71b0d628d37f334d4f1f197c1b8cea364d01\\spring-test-4.3.13.RELEASE.jar;C:\\Users\\Noah_Lambaria1\\.gradle\\caches\\modules-2\\files-2.1\\org.springframework.boot\\spring-boot-autoconfigure\\1.5.9.RELEASE\\88dd18bdaf317ae40971573a051fd47265f2ed39\\spring-boot-autoconfigure-1.5.9.RELEASE.jar;C:\\Users\\Noah_Lambaria1\\.gradle\\caches\\modules-2\\files-2.1\\org.springframework.boot\\spring-boot\\1.5.9.RELEASE\\f472cdf948288796fb31e0bb03f6e7b022b763a0\\spring-boot-1.5.9.RELEASE.jar;C:\\Users\\Noah_Lambaria1\\.gradle\\caches\\modules-2\\files-2.1\\org.springframework\\spring-context\\4.3.13.RELEASE\\6ab1c189a13182fa3256f6bbc68fafdaf8f5a19e\\spring-context-4.3.13.RELEASE.jar;C:\\Users\\Noah_Lambaria1\\.gradle\\caches\\modules-2\\files-2.1\\org.springframework\\spring-aop\\4.3.13.RELEASE\\61f427b55951f59b50f3c2bd0de3c48960e2a342\\spring-aop-4.3.13.RELEASE.jar;C:\\Users\\Noah_Lambaria1\\.gradle\\caches\\modules-2\\files-2.1\\org.springframework\\spring-beans\\4.3.13.RELEASE\\8613a7077722f1d97f8cb3fea4b0b40bfadf4496\\spring-beans-4.3.13.RELEASE.jar;C:\\Users\\Noah_Lambaria1\\.gradle\\caches\\modules-2\\files-2.1\\org.springframework\\spring-expression\\4.3.13.RELEASE\\da22bf7df1262e429b49653be6cd5b89b6affe5e\\spring-expression-4.3.13.RELEASE.jar;C:\\Users\\Noah_Lambaria1\\.gradle\\caches\\modules-2\\files-2.1\\org.springframework\\spring-core\\4.3.13.RELEASE\\eea18d7f4d01f1baa1b6728b678b5a6fe23c61f6\\spring-core-4.3.13.RELEASE.jar;C:\\Users\\Noah_Lambaria1\\.gradle\\caches\\modules-2\\files-2.1\\org.springframework.boot\\spring-boot-starter-logging\\1.5.9.RELEASE\\30fd62a1ce9639759d90d49608501082314c1628\\spring-boot-starter-logging-1.5.9.RELEASE.jar;C:\\Users\\Noah_Lambaria1\\.gradle\\caches\\modules-2\\files-2.1\\org.yaml\\snakeyaml\\1.17\\7a27ea250c5130b2922b86dea63cbb1cc10a660c\\snakeyaml-1.17.jar;C:\\Users\\Noah_Lambaria1\\.gradle\\caches\\modules-2\\files-2.1\\org.apache.tomcat.embed\\tomcat-embed-websocket\\8.5.23\\52f07abcae10dc7e1764304b0877def175c2c833\\tomcat-embed-websocket-8.5.23.jar;C:\\Users\\Noah_Lambaria1\\.gradle\\caches\\modules-2\\files-2.1\\org.apache.tomcat.embed\\tomcat-embed-core\\8.5.23\\79261793a47f507890ee08f749b9d81774e4f7f0\\tomcat-embed-core-8.5.23.jar;C:\\Users\\Noah_Lambaria1\\.gradle\\caches\\modules-2\\files-2.1\\org.apache.tomcat.embed\\tomcat-embed-el\\8.5.23\\98d979cde444dffa6d434c8377d0123b2dfa614c\\tomcat-embed-el-8.5.23.jar;C:\\Users\\Noah_Lambaria1\\.gradle\\caches\\modules-2\\files-2.1\\javax.validation\\validation-api\\1.1.0.Final\\8613ae82954779d518631e05daa73a6a954817d5\\validation-api-1.1.0.Final.jar;C:\\Users\\Noah_Lambaria1\\.gradle\\caches\\modules-2\\files-2.1\\org.jboss.logging\\jboss-logging\\3.3.1.Final\\c46217ab74b532568c0ed31dc599db3048bd1b67\\jboss-logging-3.3.1.Final.jar;C:\\Users\\Noah_Lambaria1\\.gradle\\caches\\modules-2\\files-2.1\\com.fasterxml\\classmate\\1.3.4\\3d5f48f10bbe4eb7bd862f10c0583be2e0053c6\\classmate-1.3.4.jar;C:\\Users\\Noah_Lambaria1\\.gradle\\caches\\modules-2\\files-2.1\\com.fasterxml.jackson.core\\jackson-annotations\\2.8.0\\45b426f7796b741035581a176744d91090e2e6fb\\jackson-annotations-2.8.0.jar;C:\\Users\\Noah_Lambaria1\\.gradle\\caches\\modules-2\\files-2.1\\com.fasterxml.jackson.core\\jackson-core\\2.8.10\\eb21a035c66ad307e66ec8fce37f5d50fd62d039\\jackson-core-2.8.10.jar;C:\\Users\\Noah_Lambaria1\\.gradle\\caches\\modules-2\\files-2.1\\net.minidev\\json-smart\\2.2.1\\5b9e5df7a62d1279b70dc882b041d249c4f0b002\\json-smart-2.2.1.jar;C:\\Users\\Noah_Lambaria1\\.gradle\\caches\\modules-2\\files-2.1\\ch.qos.logback\\logback-classic\\1.1.11\\ccedfbacef4a6515d2983e3f89ed753d5d4fb665\\logback-classic-1.1.11.jar;C:\\Users\\Noah_Lambaria1\\.gradle\\caches\\modules-2\\files-2.1\\org.slf4j\\jcl-over-slf4j\\1.7.25\\f8c32b13ff142a513eeb5b6330b1588dcb2c0461\\jcl-over-slf4j-1.7.25.jar;C:\\Users\\Noah_Lambaria1\\.gradle\\caches\\modules-2\\files-2.1\\org.slf4j\\jul-to-slf4j\\1.7.25\\af5364cd6679bfffb114f0dec8a157aaa283b76\\jul-to-slf4j-1.7.25.jar;C:\\Users\\Noah_Lambaria1\\.gradle\\caches\\modules-2\\files-2.1\\org.slf4j\\log4j-over-slf4j\\1.7.25\\a87bb47468f47ee7aabbd54f93e133d4215769c3\\log4j-over-slf4j-1.7.25.jar;C:\\Users\\Noah_Lambaria1\\.gradle\\caches\\modules-2\\files-2.1\\org.slf4j\\slf4j-api\\1.7.25\\da76ca59f6a57ee3102f8f9bd9cee742973efa8a\\slf4j-api-1.7.25.jar;C:\\Users\\Noah_Lambaria1\\.gradle\\caches\\modules-2\\files-2.1\\org.objenesis\\objenesis\\2.1\\87c0ea803b69252868d09308b4618f766f135a96\\objenesis-2.1.jar;C:\\Users\\Noah_Lambaria1\\.gradle\\caches\\modules-2\\files-2.1\\com.vaadin.external.google\\android-json\\0.0.20131108.vaadin1\\fa26d351fe62a6a17f5cda1287c1c6110dec413f\\android-json-0.0.20131108.vaadin1.jar;C:\\Users\\Noah_Lambaria1\\.gradle\\caches\\modules-2\\files-2.1\\org.apache.tomcat\\tomcat-annotations-api\\8.5.23\\aaf17df9fe0240e9e9d5375d24d5f177174b73d9\\tomcat-annotations-api-8.5.23.jar;C:\\Users\\Noah_Lambaria1\\.gradle\\caches\\modules-2\\files-2.1\\net.minidev\\accessors-smart\\1.1\\a527213f2fea112a04c9bdf0ec0264e34104cd08\\accessors-smart-1.1.jar;C:\\Users\\Noah_Lambaria1\\.gradle\\caches\\modules-2\\files-2.1\\ch.qos.logback\\logback-core\\1.1.11\\88b8df40340eed549fb07e2613879bf6b006704d\\logback-core-1.1.11.jar;C:\\Users\\Noah_Lambaria1\\.gradle\\caches\\modules-2\\files-2.1\\org.ow2.asm\\asm\\5.0.3\\dcc2193db20e19e1feca8b1240dbbc4e190824fa\\asm-5.0.3.jar, java.vm.vendor=Azul Systems, Inc., sun.arch.data.model=64, user.variant=, java.vendor.url=http://www.azul.com/, user.timezone=America/Chicago, java.vm.specification.version=13, os.name=Windows 10, user.country=US, sun.java.launcher=SUN_STANDARD, sun.boot.library.path=C:\Users\Noah_Lambaria1\.jdks\azul-13.0.8\bin, sun.java.command=worker.org.gradle.process.internal.worker.GradleWorkerMain 'Gradle Test Executor 1', jdk.debug=release, sun.cpu.endian=little, user.home=C:\Users\Noah_Lambaria1, user.language=en, java.specification.vendor=Oracle Corporation, org.gradle.native=false, java.version.date=2021-07-20, java.home=C:\Users\Noah_Lambaria1\.jdks\azul-13.0.8, file.separator=\, java.vm.compressedOopsMode=32-bit, line.separator=
, java.vm.specification.vendor=Oracle Corporation, jdk.vendor.version=Zulu13.42+17-CA, java.specification.name=Java Platform API Specification, user.script=, sun.management.compiler=HotSpot 64-Bit Tiered Compilers, java.runtime.version=13.0.8+5-MTS, user.name=Noah_Lambaria1, path.separator=;, os.version=10.0, java.runtime.name=OpenJDK Runtime Environment, file.encoding=windows-1252, java.vm.name=OpenJDK 64-Bit Server VM, java.vendor.version=Zulu13.42+17-CA, java.vendor.url.bug=http://www.azul.com/support/, java.io.tmpdir=C:\Users\NOAH_L~1\AppData\Local\Temp\, java.version=13.0.8, user.dir=C:\Users\Noah_Lambaria1\IdeaProjects\spring-1-backend, os.arch=amd64, java.vm.specification.name=Java Virtual Machine Specification, sun.os.patch.level=, java.library.path=C:\Users\Noah_Lambaria1\.jdks\azul-13.0.8\bin;C:\Windows\Sun\Java\bin;C:\Windows\system32;C:\Windows;C:\Windows\system32;C:\Windows;C:\Windows\System32\Wbem;C:\Windows\System32\WindowsPowerShell\v1.0\;C:\Windows\System32\OpenSSH\;C:\Program Files\Java\jdk16;C:\Program Files\Java\jdk16\bin;C:\Program Files\Java\jdk16\bin\server;C:\Program Files\dotnet\;C:\Microsoft VS Code\bin;C:\MATLAB\R2021a\runtime\win64;C:\MATLAB\R2021a\bin;C:\Program Files\MiKTeX 2.9\miktex\bin\x64\;C:\MinGW\bin;C:\MinGW;C:\MinGW\msys\1.0;C:\MinGW\msys\1.0\bin;C:\Program Files\Git\cmd;C:\Gradle;C:\Gradle\bin;C:\Program Files\Wolfram Research\WolframScript\;C:\Python38\Scripts\;C:\Python38\;C:\Program Files\PuTTY\;C:\Maven\apache-maven-3.6.3\bin;C:\Program Files (x86)\Microsoft Visual Studio\2017\Professional\VC\Tools\MSVC\14.16.27023\bin\Hostx64\x86;C:\Program Files (x86)\Microsoft Visual Studio\2017\Professional\VC\Tools\MSVC\14.16.27023\bin\Hostx86\x86;C:\Program Files (x86)\Microsoft Visual Studio\2017\Professional\VC\Tools\MSVC\14.16.27023\bin\Hostx64\x64;C:\Program Files (x86)\Microsoft Visual Studio\2017\Professional\VC\Tools\MSVC\14.16.27023\bin\Hostx86\x64;C:\Program Files (x86)\dotnet\;C:\Users\Noah_Lambaria1\AppData\Local\Microsoft\WindowsApps;;., java.vm.info=mixed mode, sharing, java.vendor=Azul Systems, Inc., java.vm.version=13.0.8+5-MTS, sun.io.unicode.encoding=UnicodeLittle, java.class.version=57.0}}, SystemEnvironmentPropertySource@283353904 {name='systemEnvironment', properties={USERDOMAIN_ROAMINGPROFILE=BAYLOR, PROCESSOR_LEVEL=6, M2=C:\Maven\apache-maven-3.6.3\bin, VS140COMNTOOLS=C:\Program Files (x86)\Microsoft Visual Studio 14.0\Common7\Tools\, SESSIONNAME=Console, ALLUSERSPROFILE=C:\ProgramData, PROCESSOR_ARCHITECTURE=AMD64, __COMPAT_LAYER=DetectorsAppHealth, PSModulePath=C:\Program Files\WindowsPowerShell\Modules;C:\Windows\system32\WindowsPowerShell\v1.0\Modules, SystemDrive=C:, MAVEN_HOME=C:\Maven\apache-maven-3.6.3, USERNAME=Noah_Lambaria1, USERDNSDOMAIN=BAYLOR.EDU, ProgramFiles(x86)=C:\Program Files (x86), FPS_BROWSER_USER_PROFILE_STRING=Default, PATHEXT=.COM;.EXE;.BAT;.CMD;.VBS;.VBE;.JS;.JSE;.WSF;.WSH;.MSC;.PY;.PYW, DriverData=C:\Windows\System32\Drivers\DriverData, ProgramData=C:\ProgramData, ProgramW6432=C:\Program Files, HOMEPATH=\Users\Noah_Lambaria1, PROCESSOR_IDENTIFIER=Intel64 Family 6 Model 158 Stepping 10, GenuineIntel, M2_HOME=C:\Maven\apache-maven-3.6.3, ProgramFiles=C:\Program Files, PUBLIC=C:\Users\Public, windir=C:\Windows, =::=::\, MINGW_HOME=C:\MinGW, LOCALAPPDATA=C:\Users\Noah_Lambaria1\AppData\Local, USERDOMAIN=BAYLOR, FPS_BROWSER_APP_PROFILE_STRING=Internet Explorer, LOGONSERVER=\\MILLHOUSE, JAVA_HOME=C:\Program Files\Java\jdk16, LDMS_LOCAL_DIR=C:\Program Files (x86)\LANDesk\LDClient\Data, OneDrive=C:\Users\Noah_Lambaria1\OneDrive, APPDATA=C:\Users\Noah_Lambaria1\AppData\Roaming, VBOX_MSI_INSTALL_PATH=C:\VirtualBox\, CommonProgramFiles=C:\Program Files\Common Files, Path=C:\Windows\system32;C:\Windows;C:\Windows\System32\Wbem;C:\Windows\System32\WindowsPowerShell\v1.0\;C:\Windows\System32\OpenSSH\;C:\Program Files\Java\jdk16;C:\Program Files\Java\jdk16\bin;C:\Program Files\Java\jdk16\bin\server;C:\Program Files\dotnet\;C:\Microsoft VS Code\bin;C:\MATLAB\R2021a\runtime\win64;C:\MATLAB\R2021a\bin;C:\Program Files\MiKTeX 2.9\miktex\bin\x64\;C:\MinGW\bin;C:\MinGW;C:\MinGW\msys\1.0;C:\MinGW\msys\1.0\bin;C:\Program Files\Git\cmd;C:\Gradle;C:\Gradle\bin;C:\Program Files\Wolfram Research\WolframScript\;C:\Python38\Scripts\;C:\Python38\;C:\Program Files\PuTTY\;C:\Maven\apache-maven-3.6.3\bin;C:\Program Files (x86)\Microsoft Visual Studio\2017\Professional\VC\Tools\MSVC\14.16.27023\bin\Hostx64\x86;C:\Program Files (x86)\Microsoft Visual Studio\2017\Professional\VC\Tools\MSVC\14.16.27023\bin\Hostx86\x86;C:\Program Files (x86)\Microsoft Visual Studio\2017\Professional\VC\Tools\MSVC\14.16.27023\bin\Hostx64\x64;C:\Program Files (x86)\Microsoft Visual Studio\2017\Professional\VC\Tools\MSVC\14.16.27023\bin\Hostx86\x64;C:\Program Files (x86)\dotnet\;C:\Users\Noah_Lambaria1\AppData\Local\Microsoft\WindowsApps;, OS=Windows_NT, COMPUTERNAME=CSH-308-22, PROCESSOR_REVISION=9e0a, CommonProgramW6432=C:\Program Files\Common Files, ComSpec=C:\Windows\system32\cmd.exe, SystemRoot=C:\Windows, TEMP=C:\Users\NOAH_L~1\AppData\Local\Temp, HOMEDRIVE=C:, USERPROFILE=C:\Users\Noah_Lambaria1, TMP=C:\Users\NOAH_L~1\AppData\Local\Temp, CommonProgramFiles(x86)=C:\Program Files (x86)\Common Files, NUMBER_OF_PROCESSORS=12, IDEA_INITIAL_DIRECTORY=C:\Program Files\JetBrains\IntelliJ IDEA Community Edition 2021.1.3\bin}}]
16:50:37.908 [Test worker] DEBUG org.springframework.test.context.support.TestPropertySourceUtils - Adding inlined properties to environment: {spring.jmx.enabled=false, org.springframework.boot.test.context.SpringBootTestContextBootstrapper=true, server.port=0}
16:50:37.909 [Test worker] DEBUG org.springframework.core.env.StandardEnvironment - Adding PropertySource 'Inlined Test Properties' with highest search precedence

  .   ____          _            __ _ _
 /\\ / ___'_ __ _ _(_)_ __  __ _ \ \ \ \
( ( )\___ | '_ | '_| | '_ \/ _` | \ \ \ \
 \\/  ___)| |_)| | | | | || (_| |  ) ) ) )
  '  |____| .__|_| |_|_| |_\__, | / / / /
 =========|_|==============|___/=/_/_/_/
 :: Spring Boot ::        (v1.5.9.RELEASE)

2021-09-02 16:50:38.112  INFO 6312 --- [    Test worker] hello.HelloControllerTest                : Starting HelloControllerTest on CSH-308-22 with PID 6312 (started by Noah_Lambaria1 in C:\Users\Noah_Lambaria1\IdeaProjects\spring-1-backend)
2021-09-02 16:50:38.113  INFO 6312 --- [    Test worker] hello.HelloControllerTest                : No active profile set, falling back to default profiles: default
2021-09-02 16:50:38.128  INFO 6312 --- [    Test worker] ationConfigEmbeddedWebApplicationContext : Refreshing org.springframework.boot.context.embedded.AnnotationConfigEmbeddedWebApplicationContext@31e46522: startup date [Thu Sep 02 16:50:38 CDT 2021]; root of context hierarchy
2021-09-02 16:50:38.900  INFO 6312 --- [    Test worker] s.b.c.e.t.TomcatEmbeddedServletContainer : Tomcat initialized with port(s): 0 (http)
2021-09-02 16:50:38.907  INFO 6312 --- [    Test worker] o.apache.catalina.core.StandardService   : Starting service [Tomcat]
2021-09-02 16:50:38.908  INFO 6312 --- [    Test worker] org.apache.catalina.core.StandardEngine  : Starting Servlet Engine: Apache Tomcat/8.5.23
2021-09-02 16:50:38.970  INFO 6312 --- [ost-startStop-1] o.a.c.c.C.[Tomcat].[localhost].[/]       : Initializing Spring embedded WebApplicationContext
2021-09-02 16:50:38.971  INFO 6312 --- [ost-startStop-1] o.s.web.context.ContextLoader            : Root WebApplicationContext: initialization completed in 846 ms
2021-09-02 16:50:39.079  INFO 6312 --- [ost-startStop-1] o.s.b.w.servlet.ServletRegistrationBean  : Mapping servlet: 'dispatcherServlet' to [/]
2021-09-02 16:50:39.082  INFO 6312 --- [ost-startStop-1] o.s.b.w.servlet.FilterRegistrationBean   : Mapping filter: 'characterEncodingFilter' to: [/*]
2021-09-02 16:50:39.082  INFO 6312 --- [ost-startStop-1] o.s.b.w.servlet.FilterRegistrationBean   : Mapping filter: 'hiddenHttpMethodFilter' to: [/*]
2021-09-02 16:50:39.082  INFO 6312 --- [ost-startStop-1] o.s.b.w.servlet.FilterRegistrationBean   : Mapping filter: 'httpPutFormContentFilter' to: [/*]
2021-09-02 16:50:39.082  INFO 6312 --- [ost-startStop-1] o.s.b.w.servlet.FilterRegistrationBean   : Mapping filter: 'requestContextFilter' to: [/*]
2021-09-02 16:50:39.306  INFO 6312 --- [    Test worker] s.w.s.m.m.a.RequestMappingHandlerAdapter : Looking for @ControllerAdvice: org.springframework.boot.context.embedded.AnnotationConfigEmbeddedWebApplicationContext@31e46522: startup date [Thu Sep 02 16:50:38 CDT 2021]; root of context hierarchy
2021-09-02 16:50:39.345  INFO 6312 --- [    Test worker] s.w.s.m.m.a.RequestMappingHandlerMapping : Mapped "{[/]}" onto public java.lang.String hello.HelloController.index()
2021-09-02 16:50:39.346  INFO 6312 --- [    Test worker] s.w.s.m.m.a.RequestMappingHandlerMapping : Mapped "{[/admission-status],methods=[GET]}" onto public hello.StudentAdmission hello.HelloController.getAdmissionStatus(java.lang.String)
2021-09-02 16:50:39.347  INFO 6312 --- [    Test worker] s.w.s.m.m.a.RequestMappingHandlerMapping : Mapped "{[/api/admission-statuses],methods=[GET]}" onto public hello.StudentAdmission$Status[] hello.StudentAdmissionController.getStatuses()
2021-09-02 16:50:39.347  INFO 6312 --- [    Test worker] s.w.s.m.m.a.RequestMappingHandlerMapping : Mapped "{[/api/update-admission],methods=[POST]}" onto public hello.StudentAdmissionForm hello.StudentAdmissionController.updateAdmission(hello.StudentAdmissionForm)
2021-09-02 16:50:39.349  INFO 6312 --- [    Test worker] s.w.s.m.m.a.RequestMappingHandlerMapping : Mapped "{[/error]}" onto public org.springframework.http.ResponseEntity<java.util.Map<java.lang.String, java.lang.Object>> org.springframework.boot.autoconfigure.web.BasicErrorController.error(javax.servlet.http.HttpServletRequest)
2021-09-02 16:50:39.350  INFO 6312 --- [    Test worker] s.w.s.m.m.a.RequestMappingHandlerMapping : Mapped "{[/error],produces=[text/html]}" onto public org.springframework.web.servlet.ModelAndView org.springframework.boot.autoconfigure.web.BasicErrorController.errorHtml(javax.servlet.http.HttpServletRequest,javax.servlet.http.HttpServletResponse)
2021-09-02 16:50:39.368  INFO 6312 --- [    Test worker] o.s.w.s.handler.SimpleUrlHandlerMapping  : Mapped URL path [/webjars/**] onto handler of type [class org.springframework.web.servlet.resource.ResourceHttpRequestHandler]
2021-09-02 16:50:39.369  INFO 6312 --- [    Test worker] o.s.w.s.handler.SimpleUrlHandlerMapping  : Mapped URL path [/**] onto handler of type [class org.springframework.web.servlet.resource.ResourceHttpRequestHandler]
2021-09-02 16:50:39.393  INFO 6312 --- [    Test worker] o.s.w.s.handler.SimpleUrlHandlerMapping  : Mapped URL path [/**/favicon.ico] onto handler of type [class org.springframework.web.servlet.resource.ResourceHttpRequestHandler]
2021-09-02 16:50:39.502  INFO 6312 --- [    Test worker] s.b.c.e.t.TomcatEmbeddedServletContainer : Tomcat started on port(s): 61142 (http)
2021-09-02 16:50:39.505  INFO 6312 --- [    Test worker] hello.HelloControllerTest                : Started HelloControllerTest in 1.594 seconds (JVM running for 2.254)
2021-09-02 16:50:39.581  INFO 6312 --- [o-auto-1-exec-1] o.a.c.c.C.[Tomcat].[localhost].[/]       : Initializing Spring FrameworkServlet 'dispatcherServlet'
2021-09-02 16:50:39.581  INFO 6312 --- [o-auto-1-exec-1] o.s.web.servlet.DispatcherServlet        : FrameworkServlet 'dispatcherServlet': initialization started
2021-09-02 16:50:39.594  INFO 6312 --- [o-auto-1-exec-1] o.s.web.servlet.DispatcherServlet        : FrameworkServlet 'dispatcherServlet': initialization completed in 13 ms
]]></system-out>
  <system-err><![CDATA[]]></system-err>
</testsuite>
